<?xml version="1.0" encoding="UTF-8"?>
<testng-results ignored="0" total="1" passed="1" failed="0" skipped="0">
  <reporter-output>
  </reporter-output>
  <suite started-at="2025-12-31T10:59:08 IST" name="Default suite" finished-at="2025-12-31T10:59:21 IST" duration-ms="13167">
    <groups>
    </groups>
    <test started-at="2025-12-31T10:59:08 IST" name="Default test" finished-at="2025-12-31T10:59:21 IST" duration-ms="13167">
      <class name="testcases.DemoBlazeTest">
        <test-method signature="verifyPageTitle()[pri:0, instance:testcases.DemoBlazeTest@d86a6f]" started-at="2025-12-31T10:59:08 IST" name="verifyPageTitle" finished-at="2025-12-31T10:59:21 IST" duration-ms="13051" status="PASS">
          <reporter-output>
          </reporter-output>
        </test-method> <!-- verifyPageTitle -->
      </class> <!-- testcases.DemoBlazeTest -->
    </test> <!-- Default test -->
  </suite> <!-- Default suite -->
</testng-results>
